[2026-04-22 17:50:49] [DM with Ha Mys Zwillingsschwester#9385 | Channel ID: 1117873099342360599] Ha Mys Zwillingsschwester#9385 (1496528760210456596): "Noch keine Einträge im Leaderboard!"
[2026-04-22 17:51:22] [Server: Stonks Traders Headquarter (1117873098822258728) | Channel: #general (1117873099342360599)] verplanternamaki (819563812695834654): "/senddm verplanternamaki du stinkst"
[2026-04-22 17:51:22] [DM with Ha Mys Zwillingsschwester#9385 | Channel ID: 1117873099342360599] Ha Mys Zwillingsschwester#9385 (1496528760210456596): ""
[2026-04-22 17:51:23] [DM with Ha Mys Zwillingsschwester#9385 | Channel ID: 1496538921624932463] Ha Mys Zwillingsschwester#9385 (1496528760210456596): ""
[2026-04-22 17:52:30] [DM with Ha Mys Zwillingsschwester#9385 | Channel ID: 1117873099342360599] Ha Mys Zwillingsschwester#9385 (1496528760210456596): ""
[2026-04-22 17:52:30] [Server: Stonks Traders Headquarter (1117873098822258728) | Channel: #general (1117873099342360599)] verplanternamaki (819563812695834654): "/senddm ha.my07_ test"
[2026-04-22 18:05:04] [DM with Ha Mys Zwillingsschwester#9385 | Channel ID: 1496539954367561819] Ha Mys Zwillingsschwester#9385 (1496528760210456596): ""
[2026-04-22 18:05:04] [Server: Ha Mys Sitzecke (1496276118410494115) | Channel: #bot-test (1496539954367561819)] verplanternamaki (819563812695834654): "/senddm _yuunishinoya test"
[2026-04-22 18:34:03] [Server: Ha Mys Sitzecke (1496276118410494115) | Channel: #「willkommen」 (1496276119362732144)] Sapphire#8184 (678344927997853742): "Willkommen <@1496528760210456596> ! Du bist jetzt ein Teil der Community <3🦆"
[2026-04-22 18:35:15] [DM with Ha Mys Zwillingsschwester#9385 | Channel ID: 1496539954367561819] Ha Mys Zwillingsschwester#9385 (1496528760210456596): ""
[2026-04-22 18:35:15] [Server: Ha Mys Sitzecke (1496276118410494115) | Channel: #bot-test (1496539954367561819)] verplanternamaki (819563812695834654): "/senddm _yuunishinoya test"
[2026-04-22 18:35:30] [Server: Ha Mys Sitzecke (1496276118410494115) | Channel: #bot-test (1496539954367561819)] verplanternamaki (819563812695834654): "/ask was ist 1 + 1"
[2026-04-22 18:40:11] [Server: Ha Mys Sitzecke (1496276118410494115) | Channel: #bot-test (1496539954367561819)] verplanternamaki (819563812695834654): "/ask was ist 1 + 1"
[2026-04-22 18:42:50] [DM with verplanternamaki | Channel ID: 1496538921624932463] verplanternamaki (819563812695834654): "wie geht es dir"
[2026-04-22 18:43:17] [DM with Ha Mys Zwillingsschwester#9385 | Channel ID: 1496539954367561819] Ha Mys Zwillingsschwester#9385 (1496528760210456596): "Noch keine Einträge im Leaderboard!"
[2026-04-22 18:44:23] [DM with Ha Mys Zwillingsschwester#9385 | Channel ID: 1496539954367561819] Ha Mys Zwillingsschwester#9385 (1496528760210456596): ""
[2026-04-22 18:44:23] [Server: Ha Mys Sitzecke (1496276118410494115) | Channel: #bot-test (1496539954367561819)] verplanternamaki (819563812695834654): "/senddm verplanternamaki test"
[2026-04-22 18:46:21] [DM with Ha Mys Zwillingsschwester#9385 | Channel ID: 1496539954367561819] Ha Mys Zwillingsschwester#9385 (1496528760210456596): ""
[2026-04-22 18:46:21] [Server: Ha Mys Sitzecke (1496276118410494115) | Channel: #bot-test (1496539954367561819)] verplanternamaki (819563812695834654): "/senddm verplanternamaki test"
[2026-04-22 18:47:33] [DM with Ha Mys Zwillingsschwester#9385 | Channel ID: 1496539954367561819] Ha Mys Zwillingsschwester#9385 (1496528760210456596): ""
[2026-04-22 18:47:33] [Server: Ha Mys Sitzecke (1496276118410494115) | Channel: #bot-test (1496539954367561819)] verplanternamaki (819563812695834654): "/senddm _yuunishinoya test"
[2026-04-22 18:47:49] [DM with Ha Mys Zwillingsschwester#9385 | Channel ID: 1496539954367561819] Ha Mys Zwillingsschwester#9385 (1496528760210456596): ""
[2026-04-22 18:47:49] [Server: Ha Mys Sitzecke (1496276118410494115) | Channel: #bot-test (1496539954367561819)] verplanternamaki (819563812695834654): "/senddm verplanternamaki test"
[2026-04-22 18:49:06] [Server: Ha Mys Sitzecke (1496276118410494115) | Channel: #bot-test (1496539954367561819)] Ha Mys Zwillingsschwester#9385 (1496528760210456596): ""
[2026-04-22 18:49:17] [Server: Ha Mys Sitzecke (1496276118410494115) | Channel: #bot-test (1496539954367561819)] Ha Mys Zwillingsschwester#9385 (1496528760210456596): ""
[2026-04-22 18:49:22] [Server: Ha Mys Sitzecke (1496276118410494115) | Channel: #bot-test (1496539954367561819)] verplanternamaki (819563812695834654): "test"
[2026-04-22 18:49:33] [Server: Ha Mys Sitzecke (1496276118410494115) | Channel: #bot-test (1496539954367561819)] Ha Mys Zwillingsschwester#9385 (1496528760210456596): ""
[2026-04-22 18:49:33] [Server: Ha Mys Sitzecke (1496276118410494115) | Channel: #bot-test (1496539954367561819)] verplanternamaki (819563812695834654): "/ask was ist los"
[2026-04-22 18:53:31] [Server: Ha Mys Sitzecke (1496276118410494115) | Channel: #bot-test (1496539954367561819)] Ha Mys Zwillingsschwester#9385 (1496528760210456596): ""
[2026-04-22 18:53:31] [Server: Ha Mys Sitzecke (1496276118410494115) | Channel: #bot-test (1496539954367561819)] verplanternamaki (819563812695834654): "/ask was ist 1 + 1"
[2026-04-22 19:05:32] [Server: Ha Mys Sitzecke (1496276118410494115) | Channel: #bot-test (1496539954367561819)] Ha Mys Zwillingsschwester#9385 (1496528760210456596): ""
[2026-04-22 19:05:32] [Server: Ha Mys Sitzecke (1496276118410494115) | Channel: #bot-test (1496539954367561819)] verplanternamaki (819563812695834654): "/ask tabakverbrauch jährlich"
[2026-04-22 19:06:41] [Server: Ha Mys Sitzecke (1496276118410494115) | Channel: #bot-test (1496539954367561819)] Ha Mys Zwillingsschwester#9385 (1496528760210456596): ""
[2026-04-22 19:06:41] [Server: Ha Mys Sitzecke (1496276118410494115) | Channel: #bot-test (1496539954367561819)] verplanternamaki (819563812695834654): "/ask was ist 1 + 1"
[2026-04-22 19:11:22] [Server: Ha Mys Sitzecke (1496276118410494115) | Channel: #bot-test (1496539954367561819)] Ha Mys Zwillingsschwester#9385 (1496528760210456596): ""
[2026-04-22 19:11:22] [Server: Ha Mys Sitzecke (1496276118410494115) | Channel: #bot-test (1496539954367561819)] verplanternamaki (819563812695834654): "/ask was für ein model bist du"
[2026-04-22 19:15:11] [Server: Ha Mys Sitzecke (1496276118410494115) | Channel: #bot-test (1496539954367561819)] Ha Mys Zwillingsschwester#9385 (1496528760210456596): ""
[2026-04-22 19:15:11] [Server: Ha Mys Sitzecke (1496276118410494115) | Channel: #bot-test (1496539954367561819)] verplanternamaki (819563812695834654): "/ask tester"
[2026-04-22 19:15:19] [Server: Ha Mys Sitzecke (1496276118410494115) | Channel: #bot-test (1496539954367561819)] verplanternamaki (819563812695834654): "leck eier"
[2026-04-22 19:25:29] [Server: Ha Mys Sitzecke (1496276118410494115) | Channel: #bot-test (1496539954367561819)] Ha Mys Zwillingsschwester#9385 (1496528760210456596): ""
[2026-04-22 19:25:29] [Server: Ha Mys Sitzecke (1496276118410494115) | Channel: #bot-test (1496539954367561819)] verplanternamaki (819563812695834654): "/ask bist du dumm?"
[2026-04-22 19:25:36] [Server: Ha Mys Sitzecke (1496276118410494115) | Channel: #bot-test (1496539954367561819)] verplanternamaki (819563812695834654): "pic"
[2026-04-22 19:26:49] [Server: Ha Mys Sitzecke (1496276118410494115) | Channel: #bot-test (1496539954367561819)] Ha Mys Zwillingsschwester#9385 (1496528760210456596): ""
[2026-04-22 19:26:49] [Server: Ha Mys Sitzecke (1496276118410494115) | Channel: #bot-test (1496539954367561819)] verplanternamaki (819563812695834654): "/ask bist du dummm"
[2026-04-22 19:30:19] [Server: Ha Mys Sitzecke (1496276118410494115) | Channel: #bot-test (1496539954367561819)] Ha Mys Zwillingsschwester#9385 (1496528760210456596): ""
[2026-04-22 19:30:19] [Server: Ha Mys Sitzecke (1496276118410494115) | Channel: #bot-test (1496539954367561819)] verplanternamaki (819563812695834654): "/ask bist du dummm"
[2026-04-22 19:32:27] [Server: Ha Mys Sitzecke (1496276118410494115) | Channel: #bot-test (1496539954367561819)] Ha Mys Zwillingsschwester#9385 (1496528760210456596): ""
[2026-04-22 19:32:27] [Server: Ha Mys Sitzecke (1496276118410494115) | Channel: #bot-test (1496539954367561819)] verplanternamaki (819563812695834654): "/ask bist du dummm"
[2026-04-22 19:32:55] [Server: Ha Mys Sitzecke (1496276118410494115) | Channel: #bot-test (1496539954367561819)] Ha Mys Zwillingsschwester#9385 (1496528760210456596): ""
[2026-04-22 19:32:55] [Server: Ha Mys Sitzecke (1496276118410494115) | Channel: #bot-test (1496539954367561819)] verplanternamaki (819563812695834654): "/ask was ist 1 + 1"
[2026-04-22 19:33:15] [Server: Ha Mys Sitzecke (1496276118410494115) | Channel: #bot-test (1496539954367561819)] verplanternamaki (819563812695834654): "pic"
[2026-04-23 22:02:33] [Server: Ha Mys Sitzecke (1496276118410494115) | Channel: #『📷』foto-channel (1496607878298206288)] boredando (267309799266451457): "Ist Deep, bin nur ein kleiner ängstlicher Junge 😔"
[2026-04-23 22:02:49] [Server: Ha Mys Sitzecke (1496276118410494115) | Channel: #『📷』foto-channel (1496607878298206288)] boredando (267309799266451457): "Was ist das?"
[2026-04-23 22:03:06] [Server: Ha Mys Sitzecke (1496276118410494115) | Channel: #『📷』foto-channel (1496607878298206288)] verplanternamaki (819563812695834654): "broo schaffst du schon"
[2026-04-23 22:03:13] [Server: Ha Mys Sitzecke (1496276118410494115) | Channel: #『📷』foto-channel (1496607878298206288)] verplanternamaki (819563812695834654): "wenn dann bist du der gefährliche"
[2026-04-23 22:03:44] [Server: Ha Mys Sitzecke (1496276118410494115) | Channel: #『📷』foto-channel (1496607878298206288)] boredando (267309799266451457): "Legit alle meiden mich"
[2026-04-23 22:03:56] [Server: Ha Mys Sitzecke (1496276118410494115) | Channel: #『📷』foto-channel (1496607878298206288)] verplanternamaki (819563812695834654): "siehste"
[2026-04-23 22:04:07] [Server: Ha Mys Sitzecke (1496276118410494115) | Channel: #『📷』foto-channel (1496607878298206288)] verplanternamaki (819563812695834654): "mach deine hood unsicher"
[2026-04-23 22:04:10] [Server: Ha Mys Sitzecke (1496276118410494115) | Channel: #『📷』foto-channel (1496607878298206288)] boredando (267309799266451457): "Lauf auch mit einem Donut und Espresso herum wie ein alki"
[2026-04-23 22:04:27] [Server: Ha Mys Sitzecke (1496276118410494115) | Channel: #『📷』foto-channel (1496607878298206288)] verplanternamaki (819563812695834654): "richtig so"
[2026-04-23 22:04:30] [Server: Ha Mys Sitzecke (1496276118410494115) | Channel: #『📷』foto-channel (1496607878298206288)] verplanternamaki (819563812695834654): "performative"
[2026-04-23 22:04:49] [DM with Ha Mys Zwillingsschwester#9385 | Channel ID: 1496607878298206288] Ha Mys Zwillingsschwester#9385 (1496528760210456596): ""
[2026-04-23 22:04:49] [Server: Ha Mys Sitzecke (1496276118410494115) | Channel: #『📷』foto-channel (1496607878298206288)] verplanternamaki (819563812695834654): "/senddm boredando test"
[2026-04-23 22:06:15] [DM with Ha Mys Zwillingsschwester#9385 | Channel ID: 1496607878298206288] Ha Mys Zwillingsschwester#9385 (1496528760210456596): ""
[2026-04-23 22:06:15] [Server: Ha Mys Sitzecke (1496276118410494115) | Channel: #『📷』foto-channel (1496607878298206288)] verplanternamaki (819563812695834654): "/senddm verplanternamaki test"
[2026-04-23 22:06:24] [Server: Ha Mys Sitzecke (1496276118410494115) | Channel: #『📷』foto-channel (1496607878298206288)] Ha Mys Zwillingsschwester#9385 (1496528760210456596): ""
[2026-04-23 22:06:47] [Server: Ha Mys Sitzecke (1496276118410494115) | Channel: #『📷』foto-channel (1496607878298206288)] sefa47 (642269974068461569): "Xp"
[2026-04-23 22:06:48] [Server: Ha Mys Sitzecke (1496276118410494115) | Channel: #『📷』foto-channel (1496607878298206288)] verplanternamaki (819563812695834654): "wenigstens bisschen funktioniert"
[2026-04-23 22:06:58] [Server: Ha Mys Sitzecke (1496276118410494115) | Channel: #『📷』foto-channel (1496607878298206288)] sefa47 (642269974068461569): "Hmm"
[2026-04-23 22:07:35] [Server: Ha Mys Sitzecke (1496276118410494115) | Channel: #『📷』foto-channel (1496607878298206288)] Ha Mys Zwillingsschwester#9385 (1496528760210456596): ""
[2026-04-23 22:07:46] [Server: Ha Mys Sitzecke (1496276118410494115) | Channel: #『📷』foto-channel (1496607878298206288)] Ha Mys Zwillingsschwester#9385 (1496528760210456596): ""
[2026-04-23 22:07:49] [Server: Ha Mys Sitzecke (1496276118410494115) | Channel: #『📷』foto-channel (1496607878298206288)] verplanternamaki (819563812695834654): "tuff"
[2026-04-23 22:07:49] [Server: Ha Mys Sitzecke (1496276118410494115) | Channel: #『📷』foto-channel (1496607878298206288)] Ha Mys Zwillingsschwester#9385 (1496528760210456596): ""
[2026-04-23 22:07:58] [Server: Ha Mys Sitzecke (1496276118410494115) | Channel: #『📷』foto-channel (1496607878298206288)] verplanternamaki (819563812695834654): "wenigstens etwas"
[2026-04-23 22:08:15] [Server: Ha Mys Sitzecke (1496276118410494115) | Channel: #『📷』foto-channel (1496607878298206288)] verplanternamaki (819563812695834654): "wer lvl 100 schafft kriegt blowi von mir"
[2026-04-23 22:08:42] [Server: Ha Mys Sitzecke (1496276118410494115) | Channel: #『📷』foto-channel (1496607878298206288)] sefa47 (642269974068461569): "Nah"
[2026-04-23 22:08:47] [Server: Ha Mys Sitzecke (1496276118410494115) | Channel: #『📷』foto-channel (1496607878298206288)] sefa47 (642269974068461569): "Tot"
[2026-04-23 22:09:07] [Server: Ha Mys Sitzecke (1496276118410494115) | Channel: #『📷』foto-channel (1496607878298206288)] verplanternamaki (819563812695834654): "hahaha"
[2026-04-23 22:13:47] [Server: Ha Mys Sitzecke (1496276118410494115) | Channel: #『📷』foto-channel (1496607878298206288)] _yuunishinoya (798816899696951296): "wieee du kennst das nicht?"
[2026-04-23 22:14:43] [Server: Ha Mys Sitzecke (1496276118410494115) | Channel: #『📷』foto-channel (1496607878298206288)] _yuunishinoya (798816899696951296): "https://tenor.com/view/shocked-shocked-cat-cat-shocked-kittens-kitten-gif-12626346118847122059"
[2026-04-23 22:14:59] [Server: Ha Mys Sitzecke (1496276118410494115) | Channel: #『📷』foto-channel (1496607878298206288)] verplanternamaki (819563812695834654): "spassss"
[2026-04-23 22:40:49] [Server: Ha Mys Sitzecke (1496276118410494115) | Channel: #『📷』foto-channel (1496607878298206288)] boredando (267309799266451457): "🥹"
[2026-04-23 22:42:00] [Server: Ha Mys Sitzecke (1496276118410494115) | Channel: #『📷』foto-channel (1496607878298206288)] boredando (267309799266451457): "Ich kenn es aber unter der türkischen Bezeichnung"
[2026-04-23 22:42:01] [Server: Ha Mys Sitzecke (1496276118410494115) | Channel: #live-notification (1496512551872102590)] _yuunishinoya (798816899696951296): "<@&1496464722986274946> KOMMT TWITCH STREAM"
[2026-04-23 22:42:17] [Server: Ha Mys Sitzecke (1496276118410494115) | Channel: #『📷』foto-channel (1496607878298206288)] boredando (267309799266451457): "Musste googeln und zu wissen wie es aussieht"
[2026-04-23 22:49:40] [Server: Ha Mys Sitzecke (1496276118410494115) | Channel: #『🎮』game-chat (1496276119362732149)] sterix_ (594450272756170764): "wollt ihr empfehlung ?"
[2026-04-23 22:49:45] [Server: Ha Mys Sitzecke (1496276118410494115) | Channel: #『🎮』game-chat (1496276119362732149)] sterix_ (594450272756170764): "für horror"
[2026-04-23 22:50:02] [Server: Ha Mys Sitzecke (1496276118410494115) | Channel: #『🎮』game-chat (1496276119362732149)] _yuunishinoya (798816899696951296): "yeeeee"
[2026-04-23 22:50:09] [Server: Ha Mys Sitzecke (1496276118410494115) | Channel: #『🎮』game-chat (1496276119362732149)] _yuunishinoya (798816899696951296): "dings arda"
[2026-04-23 22:50:15] [Server: Ha Mys Sitzecke (1496276118410494115) | Channel: #『🎮』game-chat (1496276119362732149)] _yuunishinoya (798816899696951296): "der stream ist auf twitch schwarz"
[2026-04-23 22:50:22] [Server: Ha Mys Sitzecke (1496276118410494115) | Channel: #『🎮』game-chat (1496276119362732149)] _yuunishinoya (798816899696951296): "was hab ich falsch gemacht ahhaha"
[2026-04-23 22:50:38] [Server: Ha Mys Sitzecke (1496276118410494115) | Channel: #『💬』main-chat (1496276119362732148)] kamiii23 (945050588801011752): "Stream auf twitch funktioniert nicht ?"
[2026-04-23 22:50:49] [Server: Ha Mys Sitzecke (1496276118410494115) | Channel: #『🎮』game-chat (1496276119362732149)] sterix_ (594450272756170764): "ne bei mir nicht ka warum bei den andern so ist"
[2026-04-23 22:50:53] [Server: Ha Mys Sitzecke (1496276118410494115) | Channel: #『🎮』game-chat (1496276119362732149)] sterix_ (594450272756170764): "https://www.roblox.com/games/16426359665/PARANORMAL"
[2026-04-23 22:56:09] [Server: Ha Mys Sitzecke (1496276118410494115) | Channel: #『🎮』game-chat (1496276119362732149)] boredando (267309799266451457): ""
[2026-04-23 22:58:32] [Server: Ha Mys Sitzecke (1496276118410494115) | Channel: #『🎮』game-chat (1496276119362732149)] sterix_ (594450272756170764): ""
[2026-04-23 22:59:10] [Server: Ha Mys Sitzecke (1496276118410494115) | Channel: #『🎮』game-chat (1496276119362732149)] sterix_ (594450272756170764): ""
[2026-04-23 22:59:22] [Server: Ha Mys Sitzecke (1496276118410494115) | Channel: #『🎮』game-chat (1496276119362732149)] sterix_ (594450272756170764): "und mach hardware acceleration da auch aus"
[2026-04-23 23:11:20] [Server: Ha Mys Sitzecke (1496276118410494115) | Channel: #「willkommen」 (1496276119362732144)] Sapphire#8184 (678344927997853742): "Willkommen <@518057324775079976> ! Du bist jetzt ein Teil der Community <3🦆"
[2026-04-23 23:11:20] [Server: Ha Mys Sitzecke (1496276118410494115) | Channel: #「willkommen」 (1496276119362732144)] kxrem (518057324775079976): ""
[2026-04-23 23:16:25] [Server: Ha Mys Sitzecke (1496276118410494115) | Channel: #『🎮』game-chat (1496276119362732149)] sterix_ (594450272756170764): "https://www.roblox.com/games/104767169570582/Mulberry-County"
[2026-04-23 23:16:32] [Server: Ha Mys Sitzecke (1496276118410494115) | Channel: #『🎮』game-chat (1496276119362732149)] sterix_ (594450272756170764): "das ist classic horror"
[2026-04-23 23:16:43] [Server: Ha Mys Sitzecke (1496276118410494115) | Channel: #『🎮』game-chat (1496276119362732149)] sterix_ (594450272756170764): "vllt bist du mehr fan von das"
[2026-04-23 23:16:44] [Server: Ha Mys Sitzecke (1496276118410494115) | Channel: #『🎮』game-chat (1496276119362732149)] Ha Mys Zwillingsschwester#9385 (1496528760210456596): ""
[2026-04-23 23:18:28] [Server: Ha Mys Sitzecke (1496276118410494115) | Channel: #『🎮』game-chat (1496276119362732149)] boredando (267309799266451457): ""
[2026-04-23 23:19:47] [Server: Ha Mys Sitzecke (1496276118410494115) | Channel: #『🎮』game-chat (1496276119362732149)] sterix_ (594450272756170764): "ja ist nur wegen internet sie brauch nur ein lan kabel dann stream wird perfekt"
[2026-04-23 23:23:25] [Server: Ha Mys Sitzecke (1496276118410494115) | Channel: #『🎮』game-chat (1496276119362732149)] sterix_ (594450272756170764): "oder wenn du komplett verstört sein willst habe ich noch ein horror game aber der ist wirklich krank deswegen empfehle ich den"
[2026-04-23 23:23:29] [Server: Ha Mys Sitzecke (1496276118410494115) | Channel: #『🎮』game-chat (1496276119362732149)] sterix_ (594450272756170764): "nie"
[2026-04-23 23:23:32] [DM with Ha Mys Zwillingsschwester#9385 | Channel ID: 1496539954367561819] Ha Mys Zwillingsschwester#9385 (1496528760210456596): ""
[2026-04-23 23:23:32] [Server: Ha Mys Sitzecke (1496276118410494115) | Channel: #bot-test (1496539954367561819)] verplanternamaki (819563812695834654): "/senddm _yuunishinoya test"
[2026-04-23 23:24:13] [Server: Ha Mys Sitzecke (1496276118410494115) | Channel: #『🎮』game-chat (1496276119362732149)] _yuunishinoya (798816899696951296): "ich checkkkk"
[2026-04-23 23:54:20] [Server: Ha Mys Sitzecke (1496276118410494115) | Channel: #『📷』foto-channel (1496607878298206288)] verplanternamaki (819563812695834654): ""
[2026-04-23 23:54:51] [Server: Ha Mys Sitzecke (1496276118410494115) | Channel: #『📷』foto-channel (1496607878298206288)] _yuunishinoya (798816899696951296): ""
[2026-04-24 00:41:25] [Server: Ha Mys Sitzecke (1496276118410494115) | Channel: #『🎮』game-chat (1496276119362732149)] sterix_ (594450272756170764): "pls probier dieses spiel ich will deine reaktion sehen"
[2026-04-24 00:41:28] [Server: Ha Mys Sitzecke (1496276118410494115) | Channel: #『🎮』game-chat (1496276119362732149)] sterix_ (594450272756170764): "https://www.roblox.com/games/122330100911812/Sad-Satanhttps://www.roblox.com/games/122330100911812/Sad-Satan"
[2026-04-24 00:41:33] [Server: Ha Mys Sitzecke (1496276118410494115) | Channel: #『🎮』game-chat (1496276119362732149)] sterix_ (594450272756170764): "https://www.roblox.com/games/122330100911812/Sad-Satan"
[2026-04-24 01:49:10] [Server: Ha Mys Sitzecke (1496276118410494115) | Channel: #『💬』main-chat (1496276119362732148)] 1ayna (768156448944422992): "<@819563812695834654> hilfe"
[2026-04-24 01:49:13] [Server: Ha Mys Sitzecke (1496276118410494115) | Channel: #『💬』main-chat (1496276119362732148)] 1ayna (768156448944422992): "sehe das nt"
[2026-04-24 01:49:21] [Server: Ha Mys Sitzecke (1496276118410494115) | Channel: #『💬』main-chat (1496276119362732148)] verplanternamaki (819563812695834654): "ist prvt channel"
[2026-04-24 01:49:29] [Server: Ha Mys Sitzecke (1496276118410494115) | Channel: #『💬』main-chat (1496276119362732148)] verplanternamaki (819563812695834654): "sie moved dich wenn du in nem call bist"
[2026-04-24 01:49:33] [Server: Ha Mys Sitzecke (1496276118410494115) | Channel: #『💬』main-chat (1496276119362732148)] 1ayna (768156448944422992): "oki"
[2026-04-24 01:51:54] [Server: Ha Mys Sitzecke (1496276118410494115) | Channel: #『💬』main-chat (1496276119362732148)] _yuunishinoya (798816899696951296): "Yuu_Nishinoya0772"
[2026-04-24 01:54:38] [Server: Ha Mys Sitzecke (1496276118410494115) | Channel: #『💬』main-chat (1496276119362732148)] vinar3123 (801701775093661718): "Bester Stream"
[2026-04-24 02:13:36] [Server: Ha Mys Sitzecke (1496276118410494115) | Channel: #『🎮』game-chat (1496276119362732149)] _yuunishinoya (798816899696951296): "https://stadtlandfluss.cool/#0_0326c27ae8e8"
[2026-04-24 02:13:36] [Server: Ha Mys Sitzecke (1496276118410494115) | Channel: #『🎮』game-chat (1496276119362732149)] Ha Mys Zwillingsschwester#9385 (1496528760210456596): ""
[2026-04-24 02:16:44] [Server: Ha Mys Sitzecke (1496276118410494115) | Channel: #『🎮』game-chat (1496276119362732149)] Ha Mys Zwillingsschwester#9385 (1496528760210456596): ""
[2026-04-24 02:17:49] [Server: Ha Mys Sitzecke (1496276118410494115) | Channel: #『🎮』game-chat (1496276119362732149)] Ha Mys Zwillingsschwester#9385 (1496528760210456596): ""
[2026-04-24 02:18:44] [Server: Ha Mys Sitzecke (1496276118410494115) | Channel: #『🎮』game-chat (1496276119362732149)] verplanternamaki (819563812695834654): "https://stadtlandfluss.cool/#0_0326c27ae8e8"
[2026-04-24 02:22:30] [Server: Ha Mys Sitzecke (1496276118410494115) | Channel: #『🎮』game-chat (1496276119362732149)] _yuunishinoya (798816899696951296): "https://skribbl.io/?iyCtKXEc"
[2026-04-24 02:57:18] [Server: Ha Mys Sitzecke (1496276118410494115) | Channel: #『🎮』game-chat (1496276119362732149)] _yuunishinoya (798816899696951296): "WMFQI"
[2026-04-24 02:58:20] [Server: Ha Mys Sitzecke (1496276118410494115) | Channel: #『🎮』game-chat (1496276119362732149)] _yuunishinoya (798816899696951296): "https://makeitmeme.com/join#WMFQI"
[2026-04-24 03:09:14] [Server: Ha Mys Sitzecke (1496276118410494115) | Channel: #『📷』foto-channel (1496607878298206288)] verplanternamaki (819563812695834654): "^^"
[2026-04-24 03:20:31] [Server: Ha Mys Sitzecke (1496276118410494115) | Channel: #『📷』foto-channel (1496607878298206288)] verplanternamaki (819563812695834654): ""
[2026-04-24 03:21:29] [Server: Ha Mys Sitzecke (1496276118410494115) | Channel: #『🎮』game-chat (1496276119362732149)] verplanternamaki (819563812695834654): "https://stadtlandflussonline.net/new-game.xhtml"
[2026-04-24 03:26:23] [Server: Ha Mys Sitzecke (1496276118410494115) | Channel: #『🎮』game-chat (1496276119362732149)] _yuunishinoya (798816899696951296): "https://stadtlandflussonline.net/g/CQAAIKLWJQ"
[2026-04-24 04:05:29] [Server: Ha Mys Sitzecke (1496276118410494115) | Channel: #『📷』foto-channel (1496607878298206288)] verplanternamaki (819563812695834654): ""
[2026-04-24 17:31:00] [Server: Ha Mys Sitzecke (1496276118410494115) | Channel: #『💬』main-chat (1496276119362732148)] _yuunishinoya (798816899696951296): "wahrscheinlich gegen 21-22 uhr"
[2026-04-24 17:35:10] [Server: Ha Mys Sitzecke (1496276118410494115) | Channel: #「ankündigungen」 (1496276119362732145)] _yuunishinoya (798816899696951296): "https://vm.tiktok.com/ZGdH2f9sj/

neuer post, zeigt bisschen liebe damit ich viral gehe🫩✌️

<@&1496464722986274946>"
[2026-04-24 18:06:01] [Server: Ha Mys Sitzecke (1496276118410494115) | Channel: #『💬』main-chat (1496276119362732148)] sterix_ (594450272756170764): "🥰🥰"
[2026-04-24 18:06:14] [Server: Ha Mys Sitzecke (1496276118410494115) | Channel: #『💬』main-chat (1496276119362732148)] verplanternamaki (819563812695834654): "arda ich pack dich"
[2026-04-24 18:06:26] [Server: Ha Mys Sitzecke (1496276118410494115) | Channel: #『💬』main-chat (1496276119362732148)] _yuunishinoya (798816899696951296): "hab grad gameplay von original version geschaut auf yt"
[2026-04-24 18:06:27] [Server: Ha Mys Sitzecke (1496276118410494115) | Channel: #『💬』main-chat (1496276119362732148)] _yuunishinoya (798816899696951296): "das crazy"
[2026-04-24 18:06:33] [Server: Ha Mys Sitzecke (1496276118410494115) | Channel: #『💬』main-chat (1496276119362732148)] verplanternamaki (819563812695834654): "digga nah"
[2026-04-24 18:06:38] [Server: Ha Mys Sitzecke (1496276118410494115) | Channel: #『💬』main-chat (1496276119362732148)] sterix_ (594450272756170764): "Ich hab euch gewarnt aber 🤣"
[2026-04-24 18:06:39] [Server: Ha Mys Sitzecke (1496276118410494115) | Channel: #『💬』main-chat (1496276119362732148)] verplanternamaki (819563812695834654): "soll ich es mir auch anschauen?"
[2026-04-24 18:06:47] [Server: Ha Mys Sitzecke (1496276118410494115) | Channel: #『💬』main-chat (1496276119362732148)] verplanternamaki (819563812695834654): "digga mich nicht aber"
[2026-04-24 18:06:54] [Server: Ha Mys Sitzecke (1496276118410494115) | Channel: #『💬』main-chat (1496276119362732148)] _yuunishinoya (798816899696951296): "ist nicht so deep weil es zensiert ist"
[2026-04-24 18:07:12] [Server: Ha Mys Sitzecke (1496276118410494115) | Channel: #『💬』main-chat (1496276119362732148)] sterix_ (594450272756170764): "Wir hatten mal geschafft zu installieren willst du es auch ?"
[2026-04-24 18:07:36] [Server: Ha Mys Sitzecke (1496276118410494115) | Channel: #『💬』main-chat (1496276119362732148)] _yuunishinoya (798816899696951296): "bruder wieeeeee"
[2026-04-24 18:07:59] [Server: Ha Mys Sitzecke (1496276118410494115) | Channel: #『💬』main-chat (1496276119362732148)] verplanternamaki (819563812695834654): "schick mal link"
[2026-04-24 18:08:04] [Server: Ha Mys Sitzecke (1496276118410494115) | Channel: #『💬』main-chat (1496276119362732148)] verplanternamaki (819563812695834654): "schick mal"
[2026-04-24 18:08:18] [Server: Ha Mys Sitzecke (1496276118410494115) | Channel: #『💬』main-chat (1496276119362732148)] sterix_ (594450272756170764): "Wir haben richtig Deep in Reddit und Forums gesucht und nach einer Zeit gefunden"
[2026-04-24 18:08:29] [Server: Ha Mys Sitzecke (1496276118410494115) | Channel: #『💬』main-chat (1496276119362732148)] sterix_ (594450272756170764): "Wenn nicht gebannt ist gerne"
[2026-04-24 18:08:43] [Server: Ha Mys Sitzecke (1496276118410494115) | Channel: #『💬』main-chat (1496276119362732148)] _yuunishinoya (798816899696951296): "broooo das ist wirklich geisteskrank"
[2026-04-24 18:08:54] [Server: Ha Mys Sitzecke (1496276118410494115) | Channel: #『💬』main-chat (1496276119362732148)] _yuunishinoya (798816899696951296): "bro wird gehackt hahahah"
[2026-04-24 18:09:09] [Server: Ha Mys Sitzecke (1496276118410494115) | Channel: #『💬』main-chat (1496276119362732148)] verplanternamaki (819563812695834654): "brd ich werd persönlich verflucht"
[2026-04-24 18:09:09] [Server: Ha Mys Sitzecke (1496276118410494115) | Channel: #『💬』main-chat (1496276119362732148)] Ha Mys Zwillingsschwester#9385 (1496528760210456596): ""
[2026-04-24 18:09:16] [Server: Ha Mys Sitzecke (1496276118410494115) | Channel: #『💬』main-chat (1496276119362732148)] verplanternamaki (819563812695834654): "es muss cursed sein halt"
[2026-04-24 18:09:22] [Server: Ha Mys Sitzecke (1496276118410494115) | Channel: #『💬』main-chat (1496276119362732148)] Ha Mys Zwillingsschwester#9385 (1496528760210456596): ""
[2026-04-24 18:09:22] [Server: Ha Mys Sitzecke (1496276118410494115) | Channel: #『💬』main-chat (1496276119362732148)] sterix_ (594450272756170764): "Wenn er kein VPN hat kann sein nhh die Webseiten waren so komisch"
[2026-04-24 18:09:57] [Server: Ha Mys Sitzecke (1496276118410494115) | Channel: #『💬』main-chat (1496276119362732148)] verplanternamaki (819563812695834654): "passt hab vpn"
[2026-04-24 18:09:58] [Server: Ha Mys Sitzecke (1496276118410494115) | Channel: #『💬』main-chat (1496276119362732148)] _yuunishinoya (798816899696951296): "https://youtu.be/-9fMBvk6PDY?si=gefrDVTdX12KYbtq

hab das geschaut aber soll nicht ganz original sein"
[2026-04-24 18:10:15] [Server: Ha Mys Sitzecke (1496276118410494115) | Channel: #『💬』main-chat (1496276119362732148)] verplanternamaki (819563812695834654): "kuss"
[2026-04-24 18:10:48] [Server: Ha Mys Sitzecke (1496276118410494115) | Channel: #『💬』main-chat (1496276119362732148)] _yuunishinoya (798816899696951296): "https://youtu.be/tJ6zHUyp_V8?si=qCTTqsjy56gu40ea"
[2026-04-24 18:10:49] [Server: Ha Mys Sitzecke (1496276118410494115) | Channel: #『💬』main-chat (1496276119362732148)] _yuunishinoya (798816899696951296): "das gibt’s auch"
[2026-04-24 18:10:58] [Server: Ha Mys Sitzecke (1496276118410494115) | Channel: #『💬』main-chat (1496276119362732148)] _yuunishinoya (798816899696951296): "aber bei part 1 passiert eig nichts"
[2026-04-24 18:11:17] [Server: Ha Mys Sitzecke (1496276118410494115) | Channel: #『💬』main-chat (1496276119362732148)] verplanternamaki (819563812695834654): "ah okey okey"
[2026-04-24 18:11:38] [Server: Ha Mys Sitzecke (1496276118410494115) | Channel: #『💬』main-chat (1496276119362732148)] verplanternamaki (819563812695834654): "trotzdem kuss"
[2026-04-24 18:12:12] [Server: Ha Mys Sitzecke (1496276118410494115) | Channel: #「ankündigungen」 (1496276119362732145)] Sapphire#8184 (678344927997853742): "<@&1496464722986274946>"
[2026-04-24 18:12:31] [Server: Ha Mys Sitzecke (1496276118410494115) | Channel: #「ankündigungen」 (1496276119362732145)] _yuunishinoya (798816899696951296): "der bruder ist immer viel zu spät man"
[2026-04-24 18:13:17] [Server: Ha Mys Sitzecke (1496276118410494115) | Channel: #『💬』main-chat (1496276119362732148)] verplanternamaki (819563812695834654): "das ist ja fast wie bei roblox"
[2026-04-24 18:13:44] [Server: Ha Mys Sitzecke (1496276118410494115) | Channel: #『💬』main-chat (1496276119362732148)] _yuunishinoya (798816899696951296): "ja"
[2026-04-24 18:13:45] [Server: Ha Mys Sitzecke (1496276118410494115) | Channel: #『💬』main-chat (1496276119362732148)] Ha Mys Zwillingsschwester#9385 (1496528760210456596): ""
[2026-04-24 18:18:31] [Server: Ha Mys Sitzecke (1496276118410494115) | Channel: #『💬』main-chat (1496276119362732148)] Ha Mys Zwillingsschwester#9385 (1496528760210456596): ""
